\BOOKMARK [0][]{chapter.1}{\376\377\0001\000\040\000I\000n\000d\000l\000e\000d\000n\000i\000n\000g}{}% 1
\BOOKMARK [0][]{chapter.2}{\376\377\0002\000\040\000N\000i\000v\000e\000a\000u\000\040\0001}{}% 2
\BOOKMARK [1][]{section*.3}{\376\377\000E\000v\000n\000e\000\040\000b\000e\000s\000k\000r\000i\000v\000e\000l\000s\000e}{chapter.2}% 3
\BOOKMARK [2][]{subsection*.4}{\376\377\000E\000k\000s\000t\000r\000a\000\040\000L\000P\000\040\000N\000i\000v\000.\000\040\0001}{section*.3}% 4
\BOOKMARK [2][]{subsection*.5}{\376\377\000E\000k\000s\000t\000r\000a\000\040\000N\000K\000\040\000N\000i\000v\000.\000\040\0001}{section*.3}% 5
\BOOKMARK [2][]{subsection*.6}{\376\377\000N\000a\000t\000u\000r\000e\000n\000s\000\040\000m\000a\000g\000i\000\040\000N\000i\000v\000.\000\040\0001}{section*.3}% 6
\BOOKMARK [0][]{chapter.3}{\376\377\0003\000\040\000N\000i\000v\000e\000a\000u\000\040\0002}{}% 7
\BOOKMARK [1][]{section*.8}{\376\377\000E\000v\000n\000e\000\040\000b\000e\000s\000k\000r\000i\000v\000e\000l\000s\000e}{chapter.3}% 8
\BOOKMARK [2][]{subsection*.9}{\376\377\000E\000k\000s\000t\000r\000a\000\040\000M\000a\000n\000a\000\040\000N\000i\000v\000.\000\040\0001}{section*.8}% 9
\BOOKMARK [2][]{subsection*.10}{\376\377\000E\000k\000s\000t\000r\000a\000\040\000N\000K\000\040\000N\000i\000v\000.\000\040\0002}{section*.8}% 10
\BOOKMARK [2][]{subsection*.11}{\376\377\000N\000a\000t\000u\000r\000e\000n\000s\000\040\000m\000a\000g\000i\000\040\000N\000i\000v\000.\000\040\0002}{section*.8}% 11
\BOOKMARK [0][]{chapter.4}{\376\377\0004\000\040\000N\000i\000v\000e\000a\000u\000\040\0003}{}% 12
\BOOKMARK [1][]{section*.13}{\376\377\000E\000v\000n\000e\000\040\000b\000e\000s\000k\000r\000i\000v\000e\000l\000s\000e}{chapter.4}% 13
\BOOKMARK [2][]{subsection*.14}{\376\377\000L\000\346\000s\000e\000\040\000o\000g\000\040\000s\000k\000r\000i\000v\000e\000\040\000E\000l\000v\000i\000s\000k}{section*.13}% 14
\BOOKMARK [2][]{subsection*.16}{\376\377\000M\000o\000d\000e\000r\000s\000\040\000K\000a\000l\000d}{section*.13}% 15
\BOOKMARK [2][]{subsection*.17}{\376\377\000N\000a\000t\000u\000r\000e\000n\000s\000\040\000E\000s\000s\000e\000n\000s}{section*.13}% 16
\BOOKMARK [2][]{subsection*.18}{\376\377\000N\000a\000t\000u\000r\000e\000n\000s\000\040\000M\000a\000g\000i\000\040\000N\000i\000v\000.\000\040\0003}{section*.13}% 17
\BOOKMARK [0][]{chapter.5}{\376\377\0005\000\040\000N\000i\000v\000e\000a\000u\000\040\0004}{}% 18
\BOOKMARK [1][]{section*.19}{\376\377\000E\000v\000n\000e\000\040\000b\000e\000s\000k\000r\000i\000v\000e\000l\000s\000e\000\040\000f\000o\000r\000\040\000N\000a\000t\000u\000r\000e\000n\000s\000\040\000s\000v\000\346\000r\000d}{chapter.5}% 19
\BOOKMARK [2][]{subsection*.20}{\376\377\000E\000k\000s\000t\000r\000a\000\040\000N\000K\000\040\000N\000i\000v\000.\000\040\0003}{section*.19}% 20
\BOOKMARK [2][]{subsection*.21}{\376\377\000E\000s\000s\000e\000l\000a\000i\000a\000s\000\040\000V\000e\000l\000s\000i\000g\000n\000e\000l\000s\000e}{section*.19}% 21
\BOOKMARK [2][]{subsection*.22}{\376\377\000N\000a\000t\000u\000r\000e\000n\000s\000\040\000M\000a\000g\000i\000\040\000N\000i\000v\000.\000\040\0004}{section*.19}% 22
\BOOKMARK [1][]{section*.23}{\376\377\000E\000v\000n\000e\000\040\000b\000e\000s\000k\000r\000i\000v\000e\000l\000s\000e\000\040\000f\000o\000r\000\040\000N\000a\000t\000u\000r\000e\000n\000s\000\040\000s\000k\000j\000o\000l\000d}{chapter.5}% 23
\BOOKMARK [2][]{subsection*.24}{\376\377\000E\000k\000s\000t\000r\000a\000\040\000L\000P\000\040\000N\000i\000v\000.\000\040\0002}{section*.23}% 24
\BOOKMARK [2][]{subsection*.25}{\376\377\000N\000a\000t\000u\000r\000e\000n\000s\000\040\000V\000e\000l\000s\000i\000g\000n\000e\000l\000s\000e}{section*.23}% 25
\BOOKMARK [2][]{subsection*.26}{\376\377\000N\000a\000t\000u\000r\000l\000i\000g\000\040\000H\000a\000r\000m\000o\000n\000i}{section*.23}% 26
